time="2024-06-08T20:42:00+07:00" level=info msg="{2024-06-08 20:35:04.9776807 +0700 +07 m=+0.017452401 6m55.8821281s 201 ::1 POST /api/v1/auth/registerBank PostmanRuntime/7.39.0}"
time="2024-06-08T20:43:18+07:00" level=warning msg="{2024-06-08 20:35:04.9776807 +0700 +07 m=+0.017452401 8m13.9164019s 401 ::1 GET /api/v1/banks PostmanRuntime/7.39.0}"
time="2024-06-08T20:46:03+07:00" level=error msg="{2024-06-08 20:45:47.4015262 +0700 +07 m=+0.010639901 16.0992748s 500 ::1 POST /api/v1/auth/login PostmanRuntime/7.39.0}"
time="2024-06-08T20:46:09+07:00" level=error msg="{2024-06-08 20:45:47.4015262 +0700 +07 m=+0.010639901 21.8473537s 500 ::1 POST /api/v1/auth/login PostmanRuntime/7.39.0}"
time="2024-06-08T20:46:11+07:00" level=error msg="{2024-06-08 20:45:47.4015262 +0700 +07 m=+0.010639901 24.2437828s 500 ::1 POST /api/v1/auth/login PostmanRuntime/7.39.0}"
time="2024-06-08T20:46:13+07:00" level=error msg="{2024-06-08 20:45:47.4015262 +0700 +07 m=+0.010639901 26.0635526s 500 ::1 POST /api/v1/auth/login PostmanRuntime/7.39.0}"
time="2024-06-08T20:46:15+07:00" level=error msg="{2024-06-08 20:45:47.4015262 +0700 +07 m=+0.010639901 27.6765561s 500 ::1 POST /api/v1/auth/login PostmanRuntime/7.39.0}"
time="2024-06-08T20:47:39+07:00" level=error msg="{2024-06-08 20:47:28.4103605 +0700 +07 m=+0.011308701 10.625788s 500 ::1 POST /api/v1/auth/login PostmanRuntime/7.39.0}"
time="2024-06-08T20:53:16+07:00" level=error msg="{2024-06-08 20:52:37.1274325 +0700 +07 m=+0.018540901 39.1953854s 500 ::1 POST /api/v1/auth/login PostmanRuntime/7.39.0}"
time="2024-06-08T20:58:42+07:00" level=info msg="{2024-06-08 20:58:36.0736201 +0700 +07 m=+0.016754501 6.8753426s 200 ::1 POST /api/v1/auth/login PostmanRuntime/7.39.0}"
time="2024-06-08T20:59:28+07:00" level=warning msg="{2024-06-08 20:58:36.0736201 +0700 +07 m=+0.016754501 52.7704535s 401 ::1 GET /api/v1/banks PostmanRuntime/7.39.0}"
time="2024-06-08T20:59:36+07:00" level=warning msg="{2024-06-08 20:58:36.0736201 +0700 +07 m=+0.016754501 1m0.5432213s 404 ::1 GET /api/v1/auth/login PostmanRuntime/7.39.0}"
time="2024-06-08T20:59:43+07:00" level=info msg="{2024-06-08 20:58:36.0736201 +0700 +07 m=+0.016754501 1m7.3313728s 200 ::1 POST /api/v1/auth/login PostmanRuntime/7.39.0}"
time="2024-06-08T20:59:54+07:00" level=info msg="{2024-06-08 20:58:36.0736201 +0700 +07 m=+0.016754501 1m18.5563256s 200 ::1 POST /api/v1/auth/login PostmanRuntime/7.39.0}"
time="2024-06-08T21:00:02+07:00" level=info msg="{2024-06-08 20:58:36.0736201 +0700 +07 m=+0.016754501 1m26.5483595s 200 ::1 GET /api/v1/banks PostmanRuntime/7.39.0}"
time="2024-06-08T21:03:12+07:00" level=info msg="{2024-06-08 21:03:01.5713177 +0700 +07 m=+0.011903201 10.5194587s 200 ::1 GET /api/v1/banks PostmanRuntime/7.39.0}"
time="2024-06-08T21:03:28+07:00" level=info msg="{2024-06-08 21:03:01.5713177 +0700 +07 m=+0.011903201 26.8365799s 200 ::1 GET /api/v1/banks/484a99fb-fdb9-41b5-9f29-1673b4fbe5bb PostmanRuntime/7.39.0}"
time="2024-06-08T21:05:19+07:00" level=info msg="{2024-06-08 21:03:01.5713177 +0700 +07 m=+0.011903201 2m17.4378649s 200 ::1 PUT /api/v1/banks PostmanRuntime/7.39.0}"
time="2024-06-08T21:05:26+07:00" level=info msg="{2024-06-08 21:03:01.5713177 +0700 +07 m=+0.011903201 2m24.5135085s 200 ::1 GET /api/v1/banks PostmanRuntime/7.39.0}"
time="2024-06-08T21:05:37+07:00" level=info msg="{2024-06-08 21:03:01.5713177 +0700 +07 m=+0.011903201 2m36.3324713s 200 ::1 GET /api/v1/banks/484a99fb-fdb9-41b5-9f29-1673b4fbe5bb PostmanRuntime/7.39.0}"
time="2024-06-08T21:07:53+07:00" level=info msg="{2024-06-08 21:03:01.5713177 +0700 +07 m=+0.011903201 4m52.2886453s 200 ::1 PUT /api/v1/banks PostmanRuntime/7.39.0}"
time="2024-06-08T21:08:00+07:00" level=info msg="{2024-06-08 21:03:01.5713177 +0700 +07 m=+0.011903201 4m58.9884518s 200 ::1 GET /api/v1/banks PostmanRuntime/7.39.0}"
time="2024-06-08T21:08:12+07:00" level=info msg="{2024-06-08 21:03:01.5713177 +0700 +07 m=+0.011903201 5m10.5849548s 200 ::1 PUT /api/v1/banks PostmanRuntime/7.39.0}"
time="2024-06-08T21:10:07+07:00" level=info msg="{2024-06-08 21:09:59.0781975 +0700 +07 m=+0.013707601 7.9996745s 200 ::1 PUT /api/v1/banks PostmanRuntime/7.39.0}"
time="2024-06-08T21:11:29+07:00" level=info msg="{2024-06-08 21:11:24.0267274 +0700 +07 m=+0.011088901 5.5884561s 200 ::1 PUT /api/v1/banks PostmanRuntime/7.39.0}"
time="2024-06-08T21:11:33+07:00" level=info msg="{2024-06-08 21:11:24.0267274 +0700 +07 m=+0.011088901 9.4686778s 200 ::1 GET /api/v1/banks PostmanRuntime/7.39.0}"
time="2024-06-08T21:12:42+07:00" level=warning msg="{2024-06-08 21:11:24.0267274 +0700 +07 m=+0.011088901 1m18.0373857s 401 ::1 DELETE /api/v1/banks/484a99fb-fdb9-41b5-9f29-1673b4fbe5bb PostmanRuntime/7.39.0}"
time="2024-06-08T21:12:48+07:00" level=info msg="{2024-06-08 21:11:24.0267274 +0700 +07 m=+0.011088901 1m24.252862s 200 ::1 DELETE /api/v1/banks/484a99fb-fdb9-41b5-9f29-1673b4fbe5bb PostmanRuntime/7.39.0}"
time="2024-06-08T21:12:54+07:00" level=warning msg="{2024-06-08 21:11:24.0267274 +0700 +07 m=+0.011088901 1m30.8273792s 404 ::1 GET /api/v1/banks/484a99fb-fdb9-41b5-9f29-1673b4fbe5bb PostmanRuntime/7.39.0}"
time="2024-06-08T21:12:58+07:00" level=info msg="{2024-06-08 21:11:24.0267274 +0700 +07 m=+0.011088901 1m34.2560726s 200 ::1 GET /api/v1/banks PostmanRuntime/7.39.0}"
time="2024-06-08T21:13:31+07:00" level=info msg="{2024-06-08 21:11:24.0267274 +0700 +07 m=+0.011088901 2m7.949358s 200 ::1 GET /api/v1/banks PostmanRuntime/7.39.0}"
time="2024-06-08T21:13:40+07:00" level=info msg="{2024-06-08 21:11:24.0267274 +0700 +07 m=+0.011088901 2m16.2788055s 200 ::1 GET /api/v1/banks PostmanRuntime/7.39.0}"
time="2024-06-08T21:13:45+07:00" level=info msg="{2024-06-08 21:11:24.0267274 +0700 +07 m=+0.011088901 2m21.8734547s 200 ::1 GET /api/v1/banks PostmanRuntime/7.39.0}"
time="2024-06-08T21:13:47+07:00" level=info msg="{2024-06-08 21:11:24.0267274 +0700 +07 m=+0.011088901 2m23.1548838s 200 ::1 GET /api/v1/banks PostmanRuntime/7.39.0}"
